[ 2016-11-24T10:39:37+08:00 ] ::1 /dzs/index.php
INFO: [ app_init ] --START--
INFO: Run Behavior\BuildLiteBehavior [ RunTime:0.000000s ]
INFO: Run Common\Behavior\InitHookBehavior [ RunTime:0.011000s ]
INFO: [ app_init ] --END-- [ RunTime:0.012000s ]
INFO: [ app_begin ] --START--
INFO: Run Behavior\ReadHtmlCacheBehavior [ RunTime:0.000000s ]
INFO: [ app_begin ] --END-- [ RunTime:0.000000s ]
SQL: SHOW COLUMNS FROM `onethink_config` [ RunTime:0.0110s ]
SQL: SELECT `type`,`name`,`value` FROM `onethink_config` WHERE `status` = 1  [ RunTime:0.0000s ]
SQL: SHOW COLUMNS FROM `onethink_book_category` [ RunTime:0.0130s ]
SQL: SHOW COLUMNS FROM `onethink_book_category_relation` [ RunTime:0.0200s ]
SQL: SHOW COLUMNS FROM `onethink_picture` [ RunTime:0.0030s ]
SQL: SHOW COLUMNS FROM `onethink_user` [ RunTime:0.0070s ]
SQL: SELECT * FROM `onethink_book_category` WHERE `pid` = 0 ORDER BY sort  [ RunTime:0.0000s ]
SQL: SELECT * FROM `onethink_book_category` WHERE `pid` = 1  [ RunTime:0.0000s ]
SQL: SELECT * FROM `onethink_book_category` WHERE `pid` = 39  [ RunTime:0.0000s ]
SQL: SHOW COLUMNS FROM `onethink_book` [ RunTime:0.0240s ]
SQL: SELECT COUNT(*) AS tp_count FROM `onethink_book` LIMIT 1   [ RunTime:0.0010s ]
SQL: SELECT `id`,`title`,`image_s`,`image_m`,`image_l`,`author`,`publisher`,`pages`,`price`,`isbn`,`pubdate`,`pubversion`,`sale_url`,`download_url1`,`download_url2`,`create_time` FROM `onethink_book` ORDER BY create_time desc LIMIT 0,25   [ RunTime:0.0100s ]
INFO: [ view_parse ] --START--
INFO: [ template_filter ] --START--
INFO: Run Behavior\ContentReplaceBehavior [ RunTime:0.000000s ]
INFO: [ template_filter ] --END-- [ RunTime:0.000000s ]
NOTIC: [8] Undefined variable: result4 E:\phpStudy\WWW\dzs\Runtime\Cache\Home\769e70f2e46f34ceb60619bbda5e4691.php 第 156 行.
NOTIC: [8] Undefined index: id E:\phpStudy\WWW\dzs\Runtime\Cache\Home\769e70f2e46f34ceb60619bbda5e4691.php 第 157 行.
NOTIC: [8] Undefined index: id E:\phpStudy\WWW\dzs\Runtime\Cache\Home\769e70f2e46f34ceb60619bbda5e4691.php 第 164 行.
NOTIC: [8] Undefined variable: result4 E:\phpStudy\WWW\dzs\Runtime\Cache\Home\769e70f2e46f34ceb60619bbda5e4691.php 第 164 行.
NOTIC: [8] Undefined variable: result4 E:\phpStudy\WWW\dzs\Runtime\Cache\Home\769e70f2e46f34ceb60619bbda5e4691.php 第 168 行.
NOTIC: [8] Undefined variable: result4 E:\phpStudy\WWW\dzs\Runtime\Cache\Home\769e70f2e46f34ceb60619bbda5e4691.php 第 173 行.
NOTIC: [8] Undefined variable: result4 E:\phpStudy\WWW\dzs\Runtime\Cache\Home\769e70f2e46f34ceb60619bbda5e4691.php 第 168 行.
NOTIC: [8] Undefined variable: result4 E:\phpStudy\WWW\dzs\Runtime\Cache\Home\769e70f2e46f34ceb60619bbda5e4691.php 第 173 行.
NOTIC: [2] Illegal string offset 'title' E:\phpStudy\WWW\dzs\Runtime\Cache\Home\769e70f2e46f34ceb60619bbda5e4691.php 第 200 行.
NOTIC: [2] Illegal string offset 'item' E:\phpStudy\WWW\dzs\Runtime\Cache\Home\769e70f2e46f34ceb60619bbda5e4691.php 第 202 行.
NOTIC: [2] Illegal string offset 'title' E:\phpStudy\WWW\dzs\Runtime\Cache\Home\769e70f2e46f34ceb60619bbda5e4691.php 第 200 行.
NOTIC: [2] Illegal string offset 'item' E:\phpStudy\WWW\dzs\Runtime\Cache\Home\769e70f2e46f34ceb60619bbda5e4691.php 第 202 行.
NOTIC: [2] Illegal string offset 'title' E:\phpStudy\WWW\dzs\Runtime\Cache\Home\769e70f2e46f34ceb60619bbda5e4691.php 第 200 行.
NOTIC: [2] Illegal string offset 'item' E:\phpStudy\WWW\dzs\Runtime\Cache\Home\769e70f2e46f34ceb60619bbda5e4691.php 第 202 行.
NOTIC: [2] Illegal string offset 'title' E:\phpStudy\WWW\dzs\Runtime\Cache\Home\769e70f2e46f34ceb60619bbda5e4691.php 第 200 行.
NOTIC: [2] Illegal string offset 'item' E:\phpStudy\WWW\dzs\Runtime\Cache\Home\769e70f2e46f34ceb60619bbda5e4691.php 第 202 行.
NOTIC: [2] Illegal string offset 'title' E:\phpStudy\WWW\dzs\Runtime\Cache\Home\769e70f2e46f34ceb60619bbda5e4691.php 第 200 行.
NOTIC: [2] Illegal string offset 'item' E:\phpStudy\WWW\dzs\Runtime\Cache\Home\769e70f2e46f34ceb60619bbda5e4691.php 第 202 行.
NOTIC: [2] Illegal string offset 'title' E:\phpStudy\WWW\dzs\Runtime\Cache\Home\769e70f2e46f34ceb60619bbda5e4691.php 第 200 行.
NOTIC: [2] Illegal string offset 'item' E:\phpStudy\WWW\dzs\Runtime\Cache\Home\769e70f2e46f34ceb60619bbda5e4691.php 第 202 行.
NOTIC: [2] Illegal string offset 'title' E:\phpStudy\WWW\dzs\Runtime\Cache\Home\769e70f2e46f34ceb60619bbda5e4691.php 第 200 行.
NOTIC: [2] Illegal string offset 'item' E:\phpStudy\WWW\dzs\Runtime\Cache\Home\769e70f2e46f34ceb60619bbda5e4691.php 第 202 行.
NOTIC: [8] Undefined index: title E:\phpStudy\WWW\dzs\Runtime\Cache\Home\769e70f2e46f34ceb60619bbda5e4691.php 第 200 行.
NOTIC: [8] Undefined index: item E:\phpStudy\WWW\dzs\Runtime\Cache\Home\769e70f2e46f34ceb60619bbda5e4691.php 第 202 行.
NOTIC: [8] Undefined variable: id E:\phpStudy\WWW\dzs\Runtime\Cache\Home\769e70f2e46f34ceb60619bbda5e4691.php 第 247 行.
NOTIC: [8] Undefined variable: id E:\phpStudy\WWW\dzs\Runtime\Cache\Home\769e70f2e46f34ceb60619bbda5e4691.php 第 248 行.
INFO: Run Behavior\ParseTemplateBehavior [ RunTime:0.034000s ]
INFO: [ view_parse ] --END-- [ RunTime:0.034000s ]
INFO: [ view_filter ] --START--
INFO: Run Behavior\WriteHtmlCacheBehavior [ RunTime:0.001000s ]
INFO: [ view_filter ] --END-- [ RunTime:0.001000s ]
INFO: [ app_end ] --START--
INFO: Run Behavior\ShowPageTraceBehavior [ RunTime:0.001000s ]
INFO: [ app_end ] --END-- [ RunTime:0.001000s ]

[ 2016-11-24T10:39:38+08:00 ] ::1 /dzs/index.php?s=/Home/Index/book/id/3413.html
INFO: [ app_init ] --START--
INFO: Run Behavior\BuildLiteBehavior [ RunTime:0.000000s ]
INFO: Run Common\Behavior\InitHookBehavior [ RunTime:0.002000s ]
INFO: [ app_init ] --END-- [ RunTime:0.002000s ]
INFO: [ app_begin ] --START--
INFO: Run Behavior\ReadHtmlCacheBehavior [ RunTime:0.001000s ]
INFO: [ app_begin ] --END-- [ RunTime:0.001000s ]
SQL: SHOW COLUMNS FROM `onethink_config` [ RunTime:0.0030s ]
SQL: SELECT `type`,`name`,`value` FROM `onethink_config` WHERE `status` = 1  [ RunTime:0.0000s ]
SQL: SHOW COLUMNS FROM `onethink_report` [ RunTime:0.0010s ]
ERR: 1146:Table 'dzs.onethink_report' doesn't exist
 [ SQL语句 ] : SHOW COLUMNS FROM `onethink_report`
ERR: 1146:Table 'dzs.onethink_report' doesn't exist
 [ SQL语句 ] : SHOW COLUMNS FROM `onethink_report`

[ 2016-11-24T11:28:39+08:00 ] ::1 /dzs/index.php?s=/Home/Index/book/id/3413.html
INFO: [ app_init ] --START--
INFO: Run Behavior\BuildLiteBehavior [ RunTime:0.000000s ]
INFO: Run Common\Behavior\InitHookBehavior [ RunTime:0.001000s ]
INFO: [ app_init ] --END-- [ RunTime:0.002000s ]
INFO: [ app_begin ] --START--
INFO: Run Behavior\ReadHtmlCacheBehavior [ RunTime:0.001000s ]
INFO: [ app_begin ] --END-- [ RunTime:0.001000s ]
SQL: SHOW COLUMNS FROM `onethink_config` [ RunTime:0.0020s ]
SQL: SELECT `type`,`name`,`value` FROM `onethink_config` WHERE `status` = 1  [ RunTime:0.0000s ]
SQL: SHOW COLUMNS FROM `onethink_report` [ RunTime:0.0020s ]
SQL: SELECT * FROM `onethink_report` WHERE `user_id` = null  [ RunTime:0.0000s ]
SQL: SHOW COLUMNS FROM `onethink_buyrecord` [ RunTime:0.0100s ]
SQL: SELECT * FROM `onethink_buyrecord` WHERE `user_id` = null  [ RunTime:0.0090s ]
SQL: SHOW COLUMNS FROM `onethink_user` [ RunTime:0.0020s ]
SQL: SELECT `score` FROM `onethink_user` WHERE `id` = null  [ RunTime:0.0000s ]
SQL: SHOW COLUMNS FROM `onethink_book` [ RunTime:0.0020s ]
SQL: SHOW COLUMNS FROM `onethink_book_category_relation` [ RunTime:0.0030s ]
SQL: SHOW COLUMNS FROM `onethink_book_category` [ RunTime:0.0090s ]
SQL: SHOW COLUMNS FROM `onethink_picture` [ RunTime:0.0040s ]
SQL: SELECT * FROM `onethink_book` WHERE `id` = 3413  [ RunTime:0.0010s ]
SQL: SELECT `category_id` FROM `onethink_book_category_relation` WHERE `book_id` = 3413  [ RunTime:0.0030s ]
SQL: SELECT `title` FROM `onethink_book_category` WHERE `id` IN ('66','175')  [ RunTime:0.0000s ]
INFO: [ view_parse ] --START--
INFO: [ template_filter ] --START--
INFO: Run Behavior\ContentReplaceBehavior [ RunTime:0.000000s ]
INFO: [ template_filter ] --END-- [ RunTime:0.000000s ]
INFO: Run Behavior\ParseTemplateBehavior [ RunTime:0.041000s ]
INFO: [ view_parse ] --END-- [ RunTime:0.041000s ]
INFO: [ view_filter ] --START--
INFO: Run Behavior\WriteHtmlCacheBehavior [ RunTime:0.000000s ]
INFO: [ view_filter ] --END-- [ RunTime:0.000000s ]
INFO: [ app_end ] --START--
INFO: Run Behavior\ShowPageTraceBehavior [ RunTime:0.001000s ]
INFO: [ app_end ] --END-- [ RunTime:0.001000s ]

[ 2016-11-24T11:28:41+08:00 ] ::1 /dzs/index.php?s=/Home/Index/wxLogin.html
INFO: [ app_init ] --START--
INFO: Run Behavior\BuildLiteBehavior [ RunTime:0.000000s ]
INFO: Run Common\Behavior\InitHookBehavior [ RunTime:0.001000s ]
INFO: [ app_init ] --END-- [ RunTime:0.002000s ]
INFO: [ app_begin ] --START--
INFO: Run Behavior\ReadHtmlCacheBehavior [ RunTime:0.001000s ]
INFO: [ app_begin ] --END-- [ RunTime:0.001000s ]
SQL: SHOW COLUMNS FROM `onethink_config` [ RunTime:0.0020s ]
SQL: SELECT `type`,`name`,`value` FROM `onethink_config` WHERE `status` = 1  [ RunTime:0.0000s ]

