[ 2016-03-21T14:35:51+08:00 ] 127.0.0.1 /dzs/admin.php
INFO: [ app_init ] --START--
INFO: Run Behavior\BuildLiteBehavior [ RunTime:0.000087s ]
INFO: Run Common\Behavior\InitHookBehavior [ RunTime:0.059377s ]
INFO: [ app_init ] --END-- [ RunTime:0.073670s ]
INFO: [ app_begin ] --START--
INFO: Run Behavior\ReadHtmlCacheBehavior [ RunTime:0.015138s ]
INFO: [ app_begin ] --END-- [ RunTime:0.015229s ]
INFO: [ view_parse ] --START--
INFO: [ template_filter ] --START--
INFO: Run Behavior\ContentReplaceBehavior [ RunTime:0.000183s ]
INFO: [ template_filter ] --END-- [ RunTime:0.000246s ]
INFO: [ AdminIndex ] --START--
SQL: SHOW COLUMNS FROM `onethink_addons` [ RunTime:0.0338s ]
SQL: SELECT `config` FROM `onethink_addons` WHERE `name` = 'SiteStat' AND `status` = 1 LIMIT 1   [ RunTime:0.0010s ]
SQL: SHOW COLUMNS FROM `onethink_member` [ RunTime:0.0105s ]
SQL: SELECT COUNT(*) AS tp_count FROM `onethink_member` LIMIT 1   [ RunTime:0.0002s ]
SQL: SHOW COLUMNS FROM `onethink_action_log` [ RunTime:0.0330s ]
SQL: SELECT COUNT(*) AS tp_count FROM `onethink_action_log` LIMIT 1   [ RunTime:0.0003s ]
SQL: SHOW COLUMNS FROM `onethink_document` [ RunTime:0.0336s ]
SQL: SELECT COUNT(*) AS tp_count FROM `onethink_document` LIMIT 1   [ RunTime:0.0004s ]
SQL: SHOW COLUMNS FROM `onethink_category` [ RunTime:0.0902s ]
SQL: SELECT COUNT(*) AS tp_count FROM `onethink_category` LIMIT 1   [ RunTime:0.0003s ]
SQL: SHOW COLUMNS FROM `onethink_model` [ RunTime:0.0576s ]
SQL: SELECT COUNT(*) AS tp_count FROM `onethink_model` LIMIT 1   [ RunTime:0.0002s ]
INFO: [ view_parse ] --START--
INFO: [ template_filter ] --START--
INFO: Run Behavior\ContentReplaceBehavior [ RunTime:0.000156s ]
INFO: [ template_filter ] --END-- [ RunTime:-0.440566s ]
INFO: Run Behavior\ParseTemplateBehavior [ RunTime:0.038975s ]
INFO: [ view_parse ] --END-- [ RunTime:0.039023s ]
INFO: [ view_filter ] --START--
INFO: Run Behavior\WriteHtmlCacheBehavior [ RunTime:0.023925s ]
INFO: [ view_filter ] --END-- [ RunTime:0.024128s ]
INFO: Run Addons\SiteStat\SiteStatAddon [ RunTime:0.425393s ]
SQL: SELECT `config` FROM `onethink_addons` WHERE `name` = 'SystemInfo' AND `status` = 1 LIMIT 1   [ RunTime:0.0004s ]
INFO: [ view_parse ] --START--
INFO: [ template_filter ] --START--
INFO: Run Behavior\ContentReplaceBehavior [ RunTime:0.000041s ]
INFO: [ template_filter ] --END-- [ RunTime:-0.928487s ]
SQL: select version() as v; [ RunTime:0.0132s ]
INFO: Run Behavior\ParseTemplateBehavior [ RunTime:0.052945s ]
INFO: [ view_parse ] --END-- [ RunTime:-0.448159s ]
INFO: [ view_filter ] --START--
INFO: Run Behavior\WriteHtmlCacheBehavior [ RunTime:0.000032s ]
INFO: [ view_filter ] --END-- [ RunTime:-0.477104s ]
INFO: Run Addons\SystemInfo\SystemInfoAddon [ RunTime:0.476296s ]
SQL: SELECT `config` FROM `onethink_addons` WHERE `name` = 'DevTeam' AND `status` = 1 LIMIT 1   [ RunTime:0.0008s ]
INFO: [ view_parse ] --START--
INFO: [ template_filter ] --START--
INFO: Run Behavior\ContentReplaceBehavior [ RunTime:0.000038s ]
INFO: [ template_filter ] --END-- [ RunTime:-0.970896s ]
INFO: Run Behavior\ParseTemplateBehavior [ RunTime:0.016005s ]
INFO: [ view_parse ] --END-- [ RunTime:-0.514407s ]
INFO: [ view_filter ] --START--
INFO: Run Behavior\WriteHtmlCacheBehavior [ RunTime:0.000028s ]
INFO: [ view_filter ] --END-- [ RunTime:-0.506452s ]
INFO: Run Addons\DevTeam\DevTeamAddon [ RunTime:0.029332s ]
INFO: [ AdminIndex ] --END-- [ RunTime:0.931276s ]
INFO: Run Behavior\ParseTemplateBehavior [ RunTime:0.016388s ]
INFO: [ view_parse ] --END-- [ RunTime:-0.514407s ]
INFO: [ view_filter ] --START--
INFO: Run Behavior\WriteHtmlCacheBehavior [ RunTime:0.000019s ]
INFO: [ view_filter ] --END-- [ RunTime:-0.506726s ]
INFO: [ app_end ] --START--
INFO: Run Behavior\ShowPageTraceBehavior [ RunTime:0.012296s ]
INFO: [ app_end ] --END-- [ RunTime:0.012455s ]

[ 2016-03-21T14:35:55+08:00 ] 127.0.0.1 /dzs/admin.php?s=/Article/index.html
INFO: [ app_init ] --START--
INFO: Run Behavior\BuildLiteBehavior [ RunTime:0.000010s ]
INFO: Run Common\Behavior\InitHookBehavior [ RunTime:0.002160s ]
INFO: [ app_init ] --END-- [ RunTime:0.002662s ]
INFO: [ app_begin ] --START--
INFO: Run Behavior\ReadHtmlCacheBehavior [ RunTime:0.000605s ]
INFO: [ app_begin ] --END-- [ RunTime:0.000654s ]
SQL: SHOW COLUMNS FROM `onethink_auth_group_access` [ RunTime:0.0411s ]
SQL: SELECT `extend_id` FROM onethink_auth_group_access g INNER JOIN onethink_auth_extend c on g.group_id=c.group_id  WHERE ( g.uid='1' and c.type='1' and !isnull(extend_id) )  [ RunTime:0.0304s ]
SQL: SHOW COLUMNS FROM `onethink_category` [ RunTime:0.0043s ]
SQL: SELECT `id`,`title`,`pid`,`allow_publish` FROM `onethink_category` WHERE `status` = 1 ORDER BY pid,sort  [ RunTime:0.0004s ]
SQL: SHOW COLUMNS FROM `onethink_model` [ RunTime:0.0067s ]
SQL: SELECT * FROM `onethink_model` WHERE `name` = 'document' LIMIT 1   [ RunTime:0.0081s ]
SQL: SHOW COLUMNS FROM `onethink_document` [ RunTime:0.0058s ]
SQL: SELECT COUNT(*) AS tp_count FROM onethink_document DOCUMENT WHERE `status` IN ('0','1','2') AND `pid` = 0 LIMIT 1   [ RunTime:0.0007s ]
SQL: SELECT `id`,`title`,`type`,`update_time`,`status`,`view`,`category_id`,`model_id`,`pid` FROM onethink_document DOCUMENT WHERE `status` IN ('0','1','2') AND `pid` = 0 ORDER BY level DESC,DOCUMENT.id DESC LIMIT 0,10   [ RunTime:0.0007s ]
SQL: SELECT `extend` FROM `onethink_model` WHERE `id` = 1 LIMIT 1   [ RunTime:0.0005s ]
SQL: SHOW COLUMNS FROM `onethink_attribute` [ RunTime:0.0451s ]
SQL: SELECT `id`,`name`,`type`,`extra` FROM `onethink_attribute` WHERE `model_id` = 1  [ RunTime:0.0008s ]
NOTIC: [8] Undefined variable: groups D:\WWW\dzs\Application\Admin\Controller\ArticleController.class.php 第 231 行.
INFO: [ view_parse ] --START--
INFO: [ template_filter ] --START--
INFO: Run Behavior\ContentReplaceBehavior [ RunTime:0.000333s ]
INFO: [ template_filter ] --END-- [ RunTime:0.000375s ]
NOTIC: [8] Undefined index: _child D:\WWW\dzs\Runtime\Cache\Admin\7a4184ffe8f804b12b2e7f8851dd8f7d.php 第 79 行.
INFO: Run Behavior\ParseTemplateBehavior [ RunTime:0.043826s ]
INFO: [ view_parse ] --END-- [ RunTime:0.043885s ]
INFO: [ view_filter ] --START--
INFO: Run Behavior\WriteHtmlCacheBehavior [ RunTime:0.000410s ]
INFO: [ view_filter ] --END-- [ RunTime:0.000444s ]
INFO: [ app_end ] --START--
INFO: Run Behavior\ShowPageTraceBehavior [ RunTime:0.000617s ]
INFO: [ app_end ] --END-- [ RunTime:0.000656s ]

[ 2016-03-21T14:35:59+08:00 ] 127.0.0.1 /dzs/admin.php?s=/Public/logout.html
INFO: [ app_init ] --START--
INFO: Run Behavior\BuildLiteBehavior [ RunTime:0.000020s ]
INFO: Run Common\Behavior\InitHookBehavior [ RunTime:0.002046s ]
INFO: [ app_init ] --END-- [ RunTime:0.002680s ]
INFO: [ app_begin ] --START--
INFO: Run Behavior\ReadHtmlCacheBehavior [ RunTime:0.000537s ]
INFO: [ app_begin ] --END-- [ RunTime:0.000578s ]
SQL: SHOW COLUMNS FROM `onethink_member` [ RunTime:0.0052s ]
INFO: [ view_parse ] --START--
INFO: [ template_filter ] --START--
INFO: Run Behavior\ContentReplaceBehavior [ RunTime:0.000043s ]
INFO: [ template_filter ] --END-- [ RunTime:0.000096s ]
INFO: Run Behavior\ParseTemplateBehavior [ RunTime:0.020473s ]
INFO: [ view_parse ] --END-- [ RunTime:0.020554s ]
INFO: [ view_filter ] --START--
INFO: Run Behavior\WriteHtmlCacheBehavior [ RunTime:0.000443s ]
INFO: [ view_filter ] --END-- [ RunTime:0.000476s ]
INFO: [ app_end ] --START--
INFO: Run Behavior\ShowPageTraceBehavior [ RunTime:0.000596s ]
INFO: [ app_end ] --END-- [ RunTime:0.000631s ]

[ 2016-03-21T14:36:00+08:00 ] 127.0.0.1 /dzs/admin.php?s=/Public/login.html
INFO: [ app_init ] --START--
INFO: Run Behavior\BuildLiteBehavior [ RunTime:0.000012s ]
INFO: Run Common\Behavior\InitHookBehavior [ RunTime:0.001937s ]
INFO: [ app_init ] --END-- [ RunTime:0.002418s ]
INFO: [ app_begin ] --START--
INFO: Run Behavior\ReadHtmlCacheBehavior [ RunTime:0.000953s ]
INFO: [ app_begin ] --END-- [ RunTime:0.001030s ]
INFO: [ view_parse ] --START--
INFO: [ template_filter ] --START--
INFO: Run Behavior\ContentReplaceBehavior [ RunTime:0.000071s ]
INFO: [ template_filter ] --END-- [ RunTime:0.000108s ]
INFO: Run Behavior\ParseTemplateBehavior [ RunTime:0.017216s ]
INFO: [ view_parse ] --END-- [ RunTime:0.017255s ]
INFO: [ view_filter ] --START--
INFO: Run Behavior\WriteHtmlCacheBehavior [ RunTime:0.000362s ]
INFO: [ view_filter ] --END-- [ RunTime:0.000399s ]
INFO: [ app_end ] --START--
INFO: Run Behavior\ShowPageTraceBehavior [ RunTime:0.000579s ]
INFO: [ app_end ] --END-- [ RunTime:0.000619s ]

[ 2016-03-21T14:36:00+08:00 ] 127.0.0.1 /dzs/admin.php?s=/Public/verify.html
INFO: [ app_init ] --START--
INFO: Run Behavior\BuildLiteBehavior [ RunTime:0.000013s ]
INFO: Run Common\Behavior\InitHookBehavior [ RunTime:0.002208s ]
INFO: [ app_init ] --END-- [ RunTime:0.002678s ]
INFO: [ app_begin ] --START--
INFO: Run Behavior\ReadHtmlCacheBehavior [ RunTime:0.000486s ]
INFO: [ app_begin ] --END-- [ RunTime:0.000535s ]
INFO: [ app_end ] --START--
INFO: Run Behavior\ShowPageTraceBehavior [ RunTime:0.000626s ]
INFO: [ app_end ] --END-- [ RunTime:0.000689s ]

[ 2016-03-21T14:36:07+08:00 ] 127.0.0.1 /dzs/admin.php?s=/Public/login.html
INFO: [ app_init ] --START--
INFO: Run Behavior\BuildLiteBehavior [ RunTime:0.000013s ]
INFO: Run Common\Behavior\InitHookBehavior [ RunTime:0.001907s ]
INFO: [ app_init ] --END-- [ RunTime:0.002378s ]
INFO: [ app_begin ] --START--
INFO: Run Behavior\ReadHtmlCacheBehavior [ RunTime:0.000464s ]
INFO: [ app_begin ] --END-- [ RunTime:0.000506s ]
SQL: SHOW COLUMNS FROM `onethink_member` [ RunTime:0.0045s ]
SQL: SELECT `uid`,`nickname`,`sex`,`birthday`,`qq`,`score`,`login`,`reg_ip`,`reg_time`,`last_login_ip`,`last_login_time`,`status` FROM `onethink_member` WHERE `uid` = 1 LIMIT 1   [ RunTime:0.0004s ]
SQL: SHOW COLUMNS FROM `onethink_action` [ RunTime:0.0150s ]
SQL: SELECT * FROM `onethink_action` WHERE `name` = 'user_login' LIMIT 1   [ RunTime:0.0007s ]
SQL: SHOW COLUMNS FROM `onethink_action_log` [ RunTime:0.0047s ]
SQL: INSERT INTO `onethink_action_log` (`action_id`,`user_id`,`action_ip`,`model`,`record_id`,`create_time`,`remark`) VALUES ('1','1','2130706433','member','1','1458542167','admin在2016-03-21 14:36登录了后台') [ RunTime:0.0113s ]
SQL: SELECT * FROM `onethink_action` WHERE `name` = 'user_login' LIMIT 1   [ RunTime:0.0003s ]
NOTIC: [8] Undefined offset: 1 D:\WWW\dzs\Application\Common\Common\function.php 第 679 行.
NOTIC: [2] array_key_exists() expects parameter 2 to be array, null given D:\WWW\dzs\Application\Common\Common\function.php 第 679 行.
SQL: SELECT COUNT(*) AS tp_count FROM `onethink_action_log` WHERE `action_id` = 1 AND `user_id` = 1 AND `create_time` > 1458455767 LIMIT 1   [ RunTime:0.0087s ]
SQL: SHOW COLUMNS FROM `onethink_member` [ RunTime:0.0048s ]
SQL: UPDATE `onethink_member` SET `score`=score+10 WHERE ( uid=1 AND status>-1 ) [ RunTime:0.0004s ]
SQL: UPDATE `onethink_member` SET `login`=`login`+1,`last_login_time`='1458542167',`last_login_ip`='2130706433' WHERE `uid` = 1 [ RunTime:0.0005s ]

[ 2016-03-21T14:36:07+08:00 ] 127.0.0.1 /dzs/admin.php?s=/Index/index.html
INFO: [ app_init ] --START--
INFO: Run Behavior\BuildLiteBehavior [ RunTime:0.000015s ]
INFO: Run Common\Behavior\InitHookBehavior [ RunTime:0.001686s ]
INFO: [ app_init ] --END-- [ RunTime:0.002138s ]
INFO: [ app_begin ] --START--
INFO: Run Behavior\ReadHtmlCacheBehavior [ RunTime:0.000495s ]
INFO: [ app_begin ] --END-- [ RunTime:0.000541s ]
SQL: SHOW COLUMNS FROM `onethink_menu` [ RunTime:0.0214s ]
SQL: SELECT `id`,`title`,`url` FROM `onethink_menu` WHERE `pid` = 0 AND `hide` = 0 ORDER BY sort asc  [ RunTime:0.0010s ]
SQL: SELECT `pid` FROM `onethink_menu` WHERE ( pid !=0 AND url like '%Index/index%' ) LIMIT 1   [ RunTime:0.0013s ]
INFO: [ view_parse ] --START--
INFO: [ template_filter ] --START--
INFO: Run Behavior\ContentReplaceBehavior [ RunTime:0.000114s ]
INFO: [ template_filter ] --END-- [ RunTime:0.000148s ]
INFO: [ AdminIndex ] --START--
SQL: SHOW COLUMNS FROM `onethink_addons` [ RunTime:0.0044s ]
SQL: SELECT `config` FROM `onethink_addons` WHERE `name` = 'SiteStat' AND `status` = 1 LIMIT 1   [ RunTime:0.0003s ]
SQL: SHOW COLUMNS FROM `onethink_member` [ RunTime:0.0044s ]
SQL: SELECT COUNT(*) AS tp_count FROM `onethink_member` LIMIT 1   [ RunTime:0.0003s ]
SQL: SHOW COLUMNS FROM `onethink_action_log` [ RunTime:0.0040s ]
SQL: SELECT COUNT(*) AS tp_count FROM `onethink_action_log` LIMIT 1   [ RunTime:0.0002s ]
SQL: SHOW COLUMNS FROM `onethink_document` [ RunTime:0.0044s ]
SQL: SELECT COUNT(*) AS tp_count FROM `onethink_document` LIMIT 1   [ RunTime:0.0002s ]
SQL: SHOW COLUMNS FROM `onethink_category` [ RunTime:0.0057s ]
SQL: SELECT COUNT(*) AS tp_count FROM `onethink_category` LIMIT 1   [ RunTime:0.0003s ]
SQL: SHOW COLUMNS FROM `onethink_model` [ RunTime:0.0042s ]
SQL: SELECT COUNT(*) AS tp_count FROM `onethink_model` LIMIT 1   [ RunTime:0.0002s ]
INFO: [ view_parse ] --START--
INFO: [ template_filter ] --START--
INFO: Run Behavior\ContentReplaceBehavior [ RunTime:0.000031s ]
INFO: [ template_filter ] --END-- [ RunTime:-0.034589s ]
INFO: Run Behavior\ParseTemplateBehavior [ RunTime:0.001994s ]
INFO: [ view_parse ] --END-- [ RunTime:0.002041s ]
INFO: [ view_filter ] --START--
INFO: Run Behavior\WriteHtmlCacheBehavior [ RunTime:0.000430s ]
INFO: [ view_filter ] --END-- [ RunTime:0.000469s ]
INFO: Run Addons\SiteStat\SiteStatAddon [ RunTime:0.034354s ]
SQL: SELECT `config` FROM `onethink_addons` WHERE `name` = 'SystemInfo' AND `status` = 1 LIMIT 1   [ RunTime:0.0004s ]
INFO: [ view_parse ] --START--
INFO: [ template_filter ] --START--
INFO: Run Behavior\ContentReplaceBehavior [ RunTime:0.000043s ]
INFO: [ template_filter ] --END-- [ RunTime:-0.138591s ]
SQL: select version() as v; [ RunTime:0.0003s ]
INFO: Run Behavior\ParseTemplateBehavior [ RunTime:0.002783s ]
INFO: [ view_parse ] --END-- [ RunTime:-0.101721s ]
INFO: [ view_filter ] --START--
INFO: Run Behavior\WriteHtmlCacheBehavior [ RunTime:0.000016s ]
INFO: [ view_filter ] --END-- [ RunTime:-0.104053s ]
INFO: Run Addons\SystemInfo\SystemInfoAddon [ RunTime:0.104051s ]
SQL: SELECT `config` FROM `onethink_addons` WHERE `name` = 'DevTeam' AND `status` = 1 LIMIT 1   [ RunTime:0.0004s ]
INFO: [ view_parse ] --START--
INFO: [ template_filter ] --START--
INFO: Run Behavior\ContentReplaceBehavior [ RunTime:0.000071s ]
INFO: [ template_filter ] --END-- [ RunTime:-0.142937s ]
INFO: Run Behavior\ParseTemplateBehavior [ RunTime:0.002462s ]
INFO: [ view_parse ] --END-- [ RunTime:-0.105976s ]
INFO: [ view_filter ] --START--
INFO: Run Behavior\WriteHtmlCacheBehavior [ RunTime:0.000008s ]
INFO: [ view_filter ] --END-- [ RunTime:-0.107991s ]
INFO: Run Addons\DevTeam\DevTeamAddon [ RunTime:0.003918s ]
INFO: [ AdminIndex ] --END-- [ RunTime:0.142381s ]
INFO: Run Behavior\ParseTemplateBehavior [ RunTime:0.002576s ]
INFO: [ view_parse ] --END-- [ RunTime:-0.105976s ]
INFO: [ view_filter ] --START--
INFO: Run Behavior\WriteHtmlCacheBehavior [ RunTime:0.000005s ]
INFO: [ view_filter ] --END-- [ RunTime:-0.108087s ]
INFO: [ app_end ] --START--
INFO: Run Behavior\ShowPageTraceBehavior [ RunTime:0.000578s ]
INFO: [ app_end ] --END-- [ RunTime:0.000617s ]

[ 2016-03-21T14:36:10+08:00 ] 127.0.0.1 /dzs/admin.php?s=/Book/index.html
INFO: [ app_init ] --START--
INFO: Run Behavior\BuildLiteBehavior [ RunTime:0.000019s ]
INFO: Run Common\Behavior\InitHookBehavior [ RunTime:0.002045s ]
INFO: [ app_init ] --END-- [ RunTime:0.003082s ]
INFO: [ app_begin ] --START--
INFO: Run Behavior\ReadHtmlCacheBehavior [ RunTime:0.000960s ]
INFO: [ app_begin ] --END-- [ RunTime:0.001042s ]
SQL: SHOW COLUMNS FROM `onethink_menu` [ RunTime:0.0041s ]
SQL: SELECT `id`,`title`,`url` FROM `onethink_menu` WHERE `pid` = 0 AND `hide` = 0 ORDER BY sort asc  [ RunTime:0.0006s ]
SQL: SELECT `pid` FROM `onethink_menu` WHERE ( pid !=0 AND url like '%Book/index%' ) LIMIT 1   [ RunTime:0.0029s ]
SQL: SELECT * FROM `onethink_menu` WHERE `id` = 124 LIMIT 1   [ RunTime:0.0005s ]
SQL: SELECT DISTINCT  `group` FROM `onethink_menu` WHERE `group` <> '' AND `pid` = 124  [ RunTime:0.0006s ]
SQL: SELECT `id`,`url` FROM `onethink_menu` WHERE `pid` = 124 AND `hide` = 0  [ RunTime:0.0004s ]
SQL: SELECT `id`,`pid`,`title`,`url`,`tip` FROM `onethink_menu` WHERE `group` = '分类管理' AND `pid` = 124 AND `hide` = 0 ORDER BY sort asc  [ RunTime:0.0006s ]
SQL: SELECT `id`,`pid`,`title`,`url`,`tip` FROM `onethink_menu` WHERE `group` = '图书管理' AND `pid` = 124 AND `hide` = 0 ORDER BY sort asc  [ RunTime:0.0004s ]
SQL: SHOW COLUMNS FROM `onethink_book` [ RunTime:0.0321s ]
SQL: SELECT COUNT(*) AS tp_count FROM `onethink_book` WHERE `title` LIKE '%%' LIMIT 1   [ RunTime:0.0003s ]
SQL: SELECT `id`,`title`,`image_s`,`image_m`,`image_l`,`author`,`publisher`,`pages`,`price`,`isbn`,`pubdate`,`pubversion`,`sale_url`,`download_url1`,`download_url2`,`create_time` FROM `onethink_book` WHERE `title` LIKE '%%' ORDER BY id desc LIMIT 0,10   [ RunTime:0.0005s ]
INFO: [ view_parse ] --START--
INFO: [ template_filter ] --START--
INFO: Run Behavior\ContentReplaceBehavior [ RunTime:0.000293s ]
INFO: [ template_filter ] --END-- [ RunTime:0.000351s ]
INFO: Run Behavior\ParseTemplateBehavior [ RunTime:0.018660s ]
INFO: [ view_parse ] --END-- [ RunTime:0.018714s ]
INFO: [ view_filter ] --START--
INFO: Run Behavior\WriteHtmlCacheBehavior [ RunTime:0.000466s ]
INFO: [ view_filter ] --END-- [ RunTime:0.000502s ]
INFO: [ app_end ] --START--
INFO: Run Behavior\ShowPageTraceBehavior [ RunTime:0.000594s ]
INFO: [ app_end ] --END-- [ RunTime:0.000629s ]

[ 2016-03-21T14:36:14+08:00 ] 127.0.0.1 /dzs/admin.php?s=/Book/edit.html
INFO: [ app_init ] --START--
INFO: Run Behavior\BuildLiteBehavior [ RunTime:0.000016s ]
INFO: Run Common\Behavior\InitHookBehavior [ RunTime:0.002078s ]
INFO: [ app_init ] --END-- [ RunTime:0.002684s ]
INFO: [ app_begin ] --START--
INFO: Run Behavior\ReadHtmlCacheBehavior [ RunTime:0.000485s ]
INFO: [ app_begin ] --END-- [ RunTime:0.000535s ]
SQL: SHOW COLUMNS FROM `onethink_book` [ RunTime:0.0055s ]
SQL: SHOW COLUMNS FROM `onethink_book_category` [ RunTime:0.0412s ]
SQL: SELECT * FROM `onethink_book_category` WHERE `status` = 1 ORDER BY pid,id  [ RunTime:0.0004s ]
NOTIC: [8] Undefined variable: book D:\WWW\dzs\Application\Admin\Controller\BookController.class.php 第 144 行.
NOTIC: [2] in_array() expects parameter 2 to be array, null given D:\WWW\dzs\Application\Admin\Controller\BookController.class.php 第 144 行.
NOTIC: [8] Undefined variable: book D:\WWW\dzs\Application\Admin\Controller\BookController.class.php 第 144 行.
NOTIC: [2] in_array() expects parameter 2 to be array, null given D:\WWW\dzs\Application\Admin\Controller\BookController.class.php 第 144 行.
NOTIC: [8] Undefined variable: book D:\WWW\dzs\Application\Admin\Controller\BookController.class.php 第 144 行.
NOTIC: [2] in_array() expects parameter 2 to be array, null given D:\WWW\dzs\Application\Admin\Controller\BookController.class.php 第 144 行.
NOTIC: [8] Undefined variable: book D:\WWW\dzs\Application\Admin\Controller\BookController.class.php 第 144 行.
NOTIC: [2] in_array() expects parameter 2 to be array, null given D:\WWW\dzs\Application\Admin\Controller\BookController.class.php 第 144 行.
INFO: [ view_parse ] --START--
INFO: [ template_filter ] --START--
INFO: Run Behavior\ContentReplaceBehavior [ RunTime:0.000224s ]
INFO: [ template_filter ] --END-- [ RunTime:0.000267s ]
NOTIC: [8] Undefined variable: book D:\WWW\dzs\Runtime\Cache\Admin\c7d7446e71633482d418c4c09cdd9600.php 第 106 行.
NOTIC: [8] Undefined variable: book D:\WWW\dzs\Runtime\Cache\Admin\c7d7446e71633482d418c4c09cdd9600.php 第 112 行.
NOTIC: [8] Undefined variable: book D:\WWW\dzs\Runtime\Cache\Admin\c7d7446e71633482d418c4c09cdd9600.php 第 120 行.
NOTIC: [8] Undefined variable: book D:\WWW\dzs\Runtime\Cache\Admin\c7d7446e71633482d418c4c09cdd9600.php 第 164 行.
NOTIC: [8] Undefined variable: book D:\WWW\dzs\Runtime\Cache\Admin\c7d7446e71633482d418c4c09cdd9600.php 第 170 行.
NOTIC: [8] Undefined variable: book D:\WWW\dzs\Runtime\Cache\Admin\c7d7446e71633482d418c4c09cdd9600.php 第 176 行.
NOTIC: [8] Undefined variable: book D:\WWW\dzs\Runtime\Cache\Admin\c7d7446e71633482d418c4c09cdd9600.php 第 182 行.
NOTIC: [8] Undefined variable: book D:\WWW\dzs\Runtime\Cache\Admin\c7d7446e71633482d418c4c09cdd9600.php 第 188 行.
NOTIC: [8] Undefined variable: book D:\WWW\dzs\Runtime\Cache\Admin\c7d7446e71633482d418c4c09cdd9600.php 第 194 行.
NOTIC: [8] Undefined variable: book D:\WWW\dzs\Runtime\Cache\Admin\c7d7446e71633482d418c4c09cdd9600.php 第 201 行.
NOTIC: [8] Undefined variable: book D:\WWW\dzs\Runtime\Cache\Admin\c7d7446e71633482d418c4c09cdd9600.php 第 207 行.
NOTIC: [8] Undefined index: selected D:\WWW\dzs\Runtime\Cache\Admin\c7d7446e71633482d418c4c09cdd9600.php 第 215 行.
NOTIC: [8] Undefined index: selected D:\WWW\dzs\Runtime\Cache\Admin\c7d7446e71633482d418c4c09cdd9600.php 第 215 行.
NOTIC: [8] Undefined index: selected D:\WWW\dzs\Runtime\Cache\Admin\c7d7446e71633482d418c4c09cdd9600.php 第 215 行.
NOTIC: [8] Undefined index: selected D:\WWW\dzs\Runtime\Cache\Admin\c7d7446e71633482d418c4c09cdd9600.php 第 215 行.
INFO: Run Behavior\ParseTemplateBehavior [ RunTime:0.095057s ]
INFO: [ view_parse ] --END-- [ RunTime:0.095123s ]
INFO: [ view_filter ] --START--
INFO: Run Behavior\WriteHtmlCacheBehavior [ RunTime:0.000463s ]
INFO: [ view_filter ] --END-- [ RunTime:0.000491s ]
INFO: [ app_end ] --START--
INFO: Run Behavior\ShowPageTraceBehavior [ RunTime:0.000486s ]
INFO: [ app_end ] --END-- [ RunTime:0.000524s ]

[ 2016-03-21T14:36:28+08:00 ] 127.0.0.1 /dzs/admin.php?s=/Book/edit.html
INFO: [ app_init ] --START--
INFO: Run Behavior\BuildLiteBehavior [ RunTime:0.000010s ]
INFO: Run Common\Behavior\InitHookBehavior [ RunTime:0.002066s ]
INFO: [ app_init ] --END-- [ RunTime:0.002482s ]
INFO: [ app_begin ] --START--
INFO: Run Behavior\ReadHtmlCacheBehavior [ RunTime:0.000646s ]
INFO: [ app_begin ] --END-- [ RunTime:0.000700s ]
SQL: SHOW COLUMNS FROM `onethink_book` [ RunTime:0.0047s ]
NOTIC: [8] Undefined index: validate D:\WWW\dzs\ThinkPHP\Library\Think\Model.class.php 第 1185 行.
NOTIC: [8] Undefined index: auto D:\WWW\dzs\ThinkPHP\Library\Think\Model.class.php 第 1128 行.

[ 2016-03-21T14:36:34+08:00 ] 127.0.0.1 /dzs/admin.php?s=/Book/getBookByIsbn.html
INFO: [ app_init ] --START--
INFO: Run Behavior\BuildLiteBehavior [ RunTime:0.000014s ]
INFO: Run Common\Behavior\InitHookBehavior [ RunTime:0.002038s ]
INFO: [ app_init ] --END-- [ RunTime:0.002427s ]
INFO: [ app_begin ] --START--
INFO: Run Behavior\ReadHtmlCacheBehavior [ RunTime:0.000559s ]
INFO: [ app_begin ] --END-- [ RunTime:0.000602s ]
SQL: SHOW COLUMNS FROM `onethink_book` [ RunTime:0.0048s ]

[ 2016-03-21T14:36:49+08:00 ] 127.0.0.1 /dzs/admin.php?s=/Book/index.html
INFO: [ app_init ] --START--
INFO: Run Behavior\BuildLiteBehavior [ RunTime:0.000009s ]
INFO: Run Common\Behavior\InitHookBehavior [ RunTime:0.001972s ]
INFO: [ app_init ] --END-- [ RunTime:0.002469s ]
INFO: [ app_begin ] --START--
INFO: Run Behavior\ReadHtmlCacheBehavior [ RunTime:0.000574s ]
INFO: [ app_begin ] --END-- [ RunTime:0.000621s ]
SQL: SHOW COLUMNS FROM `onethink_book` [ RunTime:0.0046s ]
SQL: SELECT COUNT(*) AS tp_count FROM `onethink_book` WHERE `title` LIKE '%%' LIMIT 1   [ RunTime:0.0004s ]
SQL: SELECT `id`,`title`,`image_s`,`image_m`,`image_l`,`author`,`publisher`,`pages`,`price`,`isbn`,`pubdate`,`pubversion`,`sale_url`,`download_url1`,`download_url2`,`create_time` FROM `onethink_book` WHERE `title` LIKE '%%' ORDER BY id desc LIMIT 0,10   [ RunTime:0.0003s ]
INFO: [ view_parse ] --START--
INFO: [ template_filter ] --START--
INFO: Run Behavior\ContentReplaceBehavior [ RunTime:0.000169s ]
INFO: [ template_filter ] --END-- [ RunTime:0.000206s ]
INFO: Run Behavior\ParseTemplateBehavior [ RunTime:0.109354s ]
INFO: [ view_parse ] --END-- [ RunTime:0.109396s ]
INFO: [ view_filter ] --START--
INFO: Run Behavior\WriteHtmlCacheBehavior [ RunTime:0.000401s ]
INFO: [ view_filter ] --END-- [ RunTime:0.000430s ]
INFO: [ app_end ] --START--
INFO: Run Behavior\ShowPageTraceBehavior [ RunTime:0.000559s ]
INFO: [ app_end ] --END-- [ RunTime:0.000590s ]

[ 2016-03-21T14:36:51+08:00 ] 127.0.0.1 /dzs/admin.php?s=/Book/edit.html
INFO: [ app_init ] --START--
INFO: Run Behavior\BuildLiteBehavior [ RunTime:0.000010s ]
INFO: Run Common\Behavior\InitHookBehavior [ RunTime:0.002363s ]
INFO: [ app_init ] --END-- [ RunTime:0.002837s ]
INFO: [ app_begin ] --START--
INFO: Run Behavior\ReadHtmlCacheBehavior [ RunTime:0.000512s ]
INFO: [ app_begin ] --END-- [ RunTime:0.000558s ]
SQL: SHOW COLUMNS FROM `onethink_book` [ RunTime:0.0045s ]
SQL: SHOW COLUMNS FROM `onethink_book_category` [ RunTime:0.0053s ]
SQL: SELECT * FROM `onethink_book_category` WHERE `status` = 1 ORDER BY pid,id  [ RunTime:0.0008s ]
NOTIC: [8] Undefined variable: book D:\WWW\dzs\Application\Admin\Controller\BookController.class.php 第 144 行.
NOTIC: [2] in_array() expects parameter 2 to be array, null given D:\WWW\dzs\Application\Admin\Controller\BookController.class.php 第 144 行.
NOTIC: [8] Undefined variable: book D:\WWW\dzs\Application\Admin\Controller\BookController.class.php 第 144 行.
NOTIC: [2] in_array() expects parameter 2 to be array, null given D:\WWW\dzs\Application\Admin\Controller\BookController.class.php 第 144 行.
NOTIC: [8] Undefined variable: book D:\WWW\dzs\Application\Admin\Controller\BookController.class.php 第 144 行.
NOTIC: [2] in_array() expects parameter 2 to be array, null given D:\WWW\dzs\Application\Admin\Controller\BookController.class.php 第 144 行.
NOTIC: [8] Undefined variable: book D:\WWW\dzs\Application\Admin\Controller\BookController.class.php 第 144 行.
NOTIC: [2] in_array() expects parameter 2 to be array, null given D:\WWW\dzs\Application\Admin\Controller\BookController.class.php 第 144 行.
INFO: [ view_parse ] --START--
INFO: [ template_filter ] --START--
INFO: Run Behavior\ContentReplaceBehavior [ RunTime:0.000209s ]
INFO: [ template_filter ] --END-- [ RunTime:0.000246s ]
NOTIC: [8] Undefined variable: book D:\WWW\dzs\Runtime\Cache\Admin\c7d7446e71633482d418c4c09cdd9600.php 第 106 行.
NOTIC: [8] Undefined variable: book D:\WWW\dzs\Runtime\Cache\Admin\c7d7446e71633482d418c4c09cdd9600.php 第 112 行.
NOTIC: [8] Undefined variable: book D:\WWW\dzs\Runtime\Cache\Admin\c7d7446e71633482d418c4c09cdd9600.php 第 120 行.
NOTIC: [8] Undefined variable: book D:\WWW\dzs\Runtime\Cache\Admin\c7d7446e71633482d418c4c09cdd9600.php 第 164 行.
NOTIC: [8] Undefined variable: book D:\WWW\dzs\Runtime\Cache\Admin\c7d7446e71633482d418c4c09cdd9600.php 第 170 行.
NOTIC: [8] Undefined variable: book D:\WWW\dzs\Runtime\Cache\Admin\c7d7446e71633482d418c4c09cdd9600.php 第 176 行.
NOTIC: [8] Undefined variable: book D:\WWW\dzs\Runtime\Cache\Admin\c7d7446e71633482d418c4c09cdd9600.php 第 182 行.
NOTIC: [8] Undefined variable: book D:\WWW\dzs\Runtime\Cache\Admin\c7d7446e71633482d418c4c09cdd9600.php 第 188 行.
NOTIC: [8] Undefined variable: book D:\WWW\dzs\Runtime\Cache\Admin\c7d7446e71633482d418c4c09cdd9600.php 第 194 行.
NOTIC: [8] Undefined variable: book D:\WWW\dzs\Runtime\Cache\Admin\c7d7446e71633482d418c4c09cdd9600.php 第 201 行.
NOTIC: [8] Undefined variable: book D:\WWW\dzs\Runtime\Cache\Admin\c7d7446e71633482d418c4c09cdd9600.php 第 207 行.
NOTIC: [8] Undefined index: selected D:\WWW\dzs\Runtime\Cache\Admin\c7d7446e71633482d418c4c09cdd9600.php 第 215 行.
NOTIC: [8] Undefined index: selected D:\WWW\dzs\Runtime\Cache\Admin\c7d7446e71633482d418c4c09cdd9600.php 第 215 行.
NOTIC: [8] Undefined index: selected D:\WWW\dzs\Runtime\Cache\Admin\c7d7446e71633482d418c4c09cdd9600.php 第 215 行.
NOTIC: [8] Undefined index: selected D:\WWW\dzs\Runtime\Cache\Admin\c7d7446e71633482d418c4c09cdd9600.php 第 215 行.
INFO: Run Behavior\ParseTemplateBehavior [ RunTime:0.014914s ]
INFO: [ view_parse ] --END-- [ RunTime:0.014968s ]
INFO: [ view_filter ] --START--
INFO: Run Behavior\WriteHtmlCacheBehavior [ RunTime:0.000598s ]
INFO: [ view_filter ] --END-- [ RunTime:0.000638s ]
INFO: [ app_end ] --START--
INFO: Run Behavior\ShowPageTraceBehavior [ RunTime:0.000619s ]
INFO: [ app_end ] --END-- [ RunTime:0.000659s ]

[ 2016-03-21T14:37:21+08:00 ] 127.0.0.1 /dzs/admin.php?s=/Book/edit.html
INFO: [ app_init ] --START--
INFO: Run Behavior\BuildLiteBehavior [ RunTime:0.000010s ]
INFO: Run Common\Behavior\InitHookBehavior [ RunTime:0.002375s ]
INFO: [ app_init ] --END-- [ RunTime:0.002792s ]
INFO: [ app_begin ] --START--
INFO: Run Behavior\ReadHtmlCacheBehavior [ RunTime:0.000657s ]
INFO: [ app_begin ] --END-- [ RunTime:0.000719s ]
SQL: SHOW COLUMNS FROM `onethink_book` [ RunTime:0.0060s ]
NOTIC: [8] Undefined index: validate D:\WWW\dzs\ThinkPHP\Library\Think\Model.class.php 第 1185 行.
NOTIC: [8] Undefined index: auto D:\WWW\dzs\ThinkPHP\Library\Think\Model.class.php 第 1128 行.

[ 2016-03-21T14:37:24+08:00 ] 127.0.0.1 /dzs/admin.php?s=/Book/getBookByIsbn.html
INFO: [ app_init ] --START--
INFO: Run Behavior\BuildLiteBehavior [ RunTime:0.000009s ]
INFO: Run Common\Behavior\InitHookBehavior [ RunTime:0.002076s ]
INFO: [ app_init ] --END-- [ RunTime:0.002621s ]
INFO: [ app_begin ] --START--
INFO: Run Behavior\ReadHtmlCacheBehavior [ RunTime:0.000678s ]
INFO: [ app_begin ] --END-- [ RunTime:0.000749s ]
SQL: SHOW COLUMNS FROM `onethink_book` [ RunTime:0.0047s ]

